GROUP,PACKAGE,CLASS,INSTRUCTION_MISSED,INSTRUCTION_COVERED,BRANCH_MISSED,BRANCH_COVERED,LINE_MISSED,LINE_COVERED,COMPLEXITY_MISSED,COMPLEXITY_COVERED,METHOD_MISSED,METHOD_COVERED
shared-kernel,local.lyngberg.microservice.docker.sharedkernel.domain.common,DomainException,0,46,0,2,0,12,0,7,0,6
shared-kernel,local.lyngberg.microservice.docker.sharedkernel.domain.common,NotFoundException,0,14,0,0,0,3,0,2,0,2
shared-kernel,local.lyngberg.microservice.docker.sharedkernel.domain.common,ConflictException,0,6,0,0,0,2,0,1,0,1
shared-kernel,local.lyngberg.microservice.docker.sharedkernel.domain.common,ErrorCode,0,39,0,0,0,7,0,1,0,1
shared-kernel,local.lyngberg.microservice.docker.sharedkernel.domain.common,ValidationException,0,6,0,0,0,2,0,1,0,1
shared-kernel,local.lyngberg.microservice.docker.sharedkernel.domain.common,ConcurrencyException,0,6,0,0,0,2,0,1,0,1
shared-kernel,local.lyngberg.microservice.docker.sharedkernel.domain.common,Guards,0,39,0,6,0,9,0,6,0,3
shared-kernel,local.lyngberg.microservice.docker.sharedkernel.domain.common.valueobjects.utils,UUIDUtil,0,42,0,6,0,9,0,6,0,3
shared-kernel,local.lyngberg.microservice.docker.sharedkernel.events,SagaOutcome,0,27,0,0,0,2,0,1,0,1
