<?xml version="1.0" encoding="UTF-8"?>
<testsuite xmlns:xsi="http://www.w3.org/2001/XMLSchema-instance" xsi:noNamespaceSchemaLocation="https://maven.apache.org/surefire/maven-surefire-plugin/xsd/surefire-test-report.xsd" version="3.0.2" name="local.lyngberg.microservice.docker.security.CertificateTest" time="0.301" tests="3" errors="1" skipped="0" failures="0">
  <properties>
[...]
</properties>
  <testcase name="debugFileAccess" classname="local.lyngberg.microservice.docker.security.CertificateTest" time="0.04">
    <system-out><![CDATA[login.p12 exists: true
login.p12 readable: true
login.p12 path: /home/kris/java-projects/microservice-docker-example/bc-login/login-impl/../../certificates/login.p12
ca-root.p12 exists: true
ca-root.p12 readable: true
ca-root.p12 path: /home/kris/java-projects/microservice-docker-example/bc-login/login-impl/../../certificates/ca-root.p12
]]></system-out>
  </testcase>
  <testcase name="testLoginCertificateValidity" classname="local.lyngberg.microservice.docker.security.CertificateTest" time="0.196">
    <error message="Ingen alias fundet i keystore" type="java.lang.RuntimeException"><![CDATA[java.lang.RuntimeException: Ingen alias fundet i keystore
	at local.lyngberg.microservice.docker.security.CertificateTest.findFirstAlias(CertificateTest.java:104)
	at local.lyngberg.microservice.docker.security.CertificateTest.testLoginCertificateValidity(CertificateTest.java:90)
	at java.base/java.lang.reflect.Method.invoke(Method.java:580)
	at java.base/java.util.ArrayList.forEach(ArrayList.java:1596)
	at java.base/java.util.ArrayList.forEach(ArrayList.java:1596)
]]></error>
  </testcase>
  <testcase name="debugKeystoreLoading" classname="local.lyngberg.microservice.docker.security.CertificateTest" time="0.018">
    <system-out><![CDATA[=== Debug login.p12 ===
Keystore instance created
FileInputStream created
Keystore loaded successfully
Size: 1
Aliases enumeration: not null
Has more elements: true

=== Debug ca-root.p12 ===
CA Keystore loaded successfully
Size: 0
Aliases enumeration: not null
Has more elements: false
]]></system-out>
  </testcase>
</testsuite>