<?xml version="1.0" encoding="UTF-8"?>
<testsuite xmlns:xsi="http://www.w3.org/2001/XMLSchema-instance" xsi:noNamespaceSchemaLocation="https://maven.apache.org/surefire/maven-surefire-plugin/xsd/surefire-test-report.xsd" version="3.0.2" name="local.lyngberg.microservice.docker.sharedkernel.domain.common.DetailExceptionsParameterizedTest" time="0.094" tests="5" errors="0" skipped="0" failures="0">
  <properties>
[...]
</properties>
  <testcase name="detailExceptions_haveExpectedCodeKeyAndArgs(Supplier, ErrorCode, String, Map)[1]" classname="local.lyngberg.microservice.docker.sharedkernel.domain.common.DetailExceptionsParameterizedTest" time="0.017"/>
  <testcase name="detailExceptions_haveExpectedCodeKeyAndArgs(Supplier, ErrorCode, String, Map)[2]" classname="local.lyngberg.microservice.docker.sharedkernel.domain.common.DetailExceptionsParameterizedTest" time="0.002"/>
  <testcase name="detailExceptions_haveExpectedCodeKeyAndArgs(Supplier, ErrorCode, String, Map)[3]" classname="local.lyngberg.microservice.docker.sharedkernel.domain.common.DetailExceptionsParameterizedTest" time="0.002"/>
  <testcase name="detailExceptions_haveExpectedCodeKeyAndArgs(Supplier, ErrorCode, String, Map)[4]" classname="local.lyngberg.microservice.docker.sharedkernel.domain.common.DetailExceptionsParameterizedTest" time="0.003"/>
  <testcase name="detailExceptions_haveExpectedCodeKeyAndArgs(Supplier, ErrorCode, String, Map)[5]" classname="local.lyngberg.microservice.docker.sharedkernel.domain.common.DetailExceptionsParameterizedTest" time="0.002"/>
</testsuite>